<?xml version="1.0" encoding="UTF-8"?>
<testng-results skipped="0" failed="0" ignored="0" total="1" passed="1">
  <reporter-output>
  </reporter-output>
  <suite name="Default suite" duration-ms="29505" started-at="2018-04-21T16:40:30Z" finished-at="2018-04-21T16:41:00Z">
    <groups>
    </groups>
    <test name="Default test" duration-ms="29505" started-at="2018-04-21T16:40:30Z" finished-at="2018-04-21T16:41:00Z">
      <class name="testcases.TC002_EditLead">
        <test-method status="PASS" signature="beforeSuite()[pri:0, instance:testcases.TC002_EditLead@10366b4]" name="beforeSuite" is-config="true" duration-ms="180" started-at="2018-04-21T22:10:30Z" finished-at="2018-04-21T22:10:30Z">
          <reporter-output>
          </reporter-output>
        </test-method> <!-- beforeSuite -->
        <test-method status="PASS" signature="setData()[pri:0, instance:testcases.TC002_EditLead@10366b4]" name="setData" is-config="true" duration-ms="0" started-at="2018-04-21T22:10:30Z" finished-at="2018-04-21T22:10:30Z">
          <reporter-output>
          </reporter-output>
        </test-method> <!-- setData -->
        <test-method status="PASS" signature="beforeClass()[pri:0, instance:testcases.TC002_EditLead@10366b4]" name="beforeClass" is-config="true" duration-ms="0" started-at="2018-04-21T22:10:30Z" finished-at="2018-04-21T22:10:30Z">
          <reporter-output>
          </reporter-output>
        </test-method> <!-- beforeClass -->
        <test-method status="PASS" signature="beforeMethod()[pri:0, instance:testcases.TC002_EditLead@10366b4]" name="beforeMethod" is-config="true" duration-ms="7626" started-at="2018-04-21T22:10:32Z" finished-at="2018-04-21T22:10:40Z">
          <reporter-output>
          </reporter-output>
        </test-method> <!-- beforeMethod -->
        <test-method status="PASS" signature="login(java.lang.String, java.lang.String, java.lang.String, java.lang.String, java.lang.String)[pri:0, instance:testcases.TC002_EditLead@10366b4]" name="login" duration-ms="19173" started-at="2018-04-21T22:10:40Z" data-provider="fetchData" finished-at="2018-04-21T22:10:59Z">
          <params>
            <param index="0">
              <value>
                <![CDATA[DemoSalesManager]]>
              </value>
            </param>
            <param index="1">
              <value>
                <![CDATA[crmsfa]]>
              </value>
            </param>
            <param index="2">
              <value>
                <![CDATA[AB]]>
              </value>
            </param>
            <param index="3">
              <value>
                <![CDATA[View Lead]]>
              </value>
            </param>
            <param index="4">
              <value>
                <![CDATA[Sys]]>
              </value>
            </param>
          </params>
          <reporter-output>
          </reporter-output>
        </test-method> <!-- login -->
        <test-method status="PASS" signature="afterMethod()[pri:0, instance:testcases.TC002_EditLead@10366b4]" name="afterMethod" is-config="true" duration-ms="766" started-at="2018-04-21T22:10:59Z" finished-at="2018-04-21T22:11:00Z">
          <reporter-output>
          </reporter-output>
        </test-method> <!-- afterMethod -->
        <test-method status="PASS" signature="afterTest()[pri:0, instance:testcases.TC002_EditLead@10366b4]" name="afterTest" is-config="true" duration-ms="0" started-at="2018-04-21T22:11:00Z" finished-at="2018-04-21T22:11:00Z">
          <reporter-output>
          </reporter-output>
        </test-method> <!-- afterTest -->
        <test-method status="PASS" signature="afterSuite()[pri:0, instance:testcases.TC002_EditLead@10366b4]" name="afterSuite" is-config="true" duration-ms="478" started-at="2018-04-21T22:11:00Z" finished-at="2018-04-21T22:11:00Z">
          <reporter-output>
          </reporter-output>
        </test-method> <!-- afterSuite -->
      </class> <!-- testcases.TC002_EditLead -->
    </test> <!-- Default test -->
  </suite> <!-- Default suite -->
</testng-results>
